<?xml version="1.0" encoding="UTF-8"?>
<!-- Generated by org.testng.reporters.JUnitXMLReporter -->
<testsuite ignored="1" hostname="collaberas-mbp" failures="1" tests="2" name="Launch Sample" time="0.024" errors="0" timestamp="2023-04-19T21:48:16 PST">
  <testcase classname="com.ActivityDay11" name="testSecondMethod" time="0.002"/>
  <testcase classname="com.ActivityDay11" name="testThirdMethod" time="0.002">
    <failure type="java.lang.AssertionError" message="expected [Hello Worlds!] but found [Hello World!]">
      <![CDATA[java.lang.AssertionError: expected [Hello Worlds!] but found [Hello World!]
at com.ActivityDay11.testThirdMethod(ActivityDay11.java:25)
at java.base/java.util.ArrayList.forEach(ArrayList.java:1541)
... Removed 33 stack frames]]>
    </failure>
  </testcase> <!-- testThirdMethod -->
  <testcase classname="com.ActivityDay11" name="testFirstMethod" time="0.0">
    <ignored/>
  </testcase> <!-- testFirstMethod -->
</testsuite> <!-- Launch Sample -->
