<?xml version="1.0" encoding="UTF-8"?>
<testng-results ignored="0" total="1" passed="1" failed="0" skipped="0">
  <reporter-output>
  </reporter-output>
  <suite started-at="2023-04-27T11:28:26 PST" name="Default suite" finished-at="2023-04-27T11:28:27 PST" duration-ms="1251">
    <groups>
    </groups>
    <test started-at="2023-04-27T11:28:26 PST" name="Default test" finished-at="2023-04-27T11:28:27 PST" duration-ms="1251">
      <class name="test.RestAssuredPostRequest">
        <test-method signature="userRegistrationSuccessful()[pri:0, instance:test.RestAssuredPostRequest@152aa092]" started-at="2023-04-27T11:28:26 PST" name="userRegistrationSuccessful" finished-at="2023-04-27T11:28:27 PST" duration-ms="1237" status="PASS">
          <reporter-output>
          </reporter-output>
        </test-method> <!-- userRegistrationSuccessful -->
      </class> <!-- test.RestAssuredPostRequest -->
    </test> <!-- Default test -->
  </suite> <!-- Default suite -->
</testng-results>
