<?xml version="1.0" encoding="UTF-8"?>
<testng-results ignored="0" total="1" passed="1" failed="0" skipped="0">
  <reporter-output>
  </reporter-output>
  <suite started-at="2023-04-25T15:50:24 PST" name="Default suite" finished-at="2023-04-25T15:50:40 PST" duration-ms="16649">
    <groups>
    </groups>
    <test started-at="2023-04-25T15:50:24 PST" name="Default test" finished-at="2023-04-25T15:50:40 PST" duration-ms="16649">
      <class name="test_Scenarios.TestScenarios">
        <test-method is-config="true" signature="beforeClass()[pri:0, instance:test_Scenarios.TestScenarios@49c7b90e]" started-at="2023-04-25T15:50:17 PST" name="beforeClass" finished-at="2023-04-25T15:50:24 PST" duration-ms="6762" status="PASS">
          <reporter-output>
          </reporter-output>
        </test-method> <!-- beforeClass -->
        <test-method is-config="true" signature="beforeTest()[pri:0, instance:test_Scenarios.TestScenarios@49c7b90e]" started-at="2023-04-25T15:50:24 PST" name="beforeTest" finished-at="2023-04-25T15:50:28 PST" duration-ms="4708" status="PASS">
          <reporter-output>
          </reporter-output>
        </test-method> <!-- beforeTest -->
        <test-method signature="searchInGoogle()[pri:0, instance:test_Scenarios.TestScenarios@49c7b90e]" started-at="2023-04-25T15:50:28 PST" name="searchInGoogle" finished-at="2023-04-25T15:50:39 PST" duration-ms="11188" status="PASS">
          <reporter-output>
          </reporter-output>
        </test-method> <!-- searchInGoogle -->
        <test-method is-config="true" signature="afterTest()[pri:0, instance:test_Scenarios.TestScenarios@49c7b90e]" started-at="2023-04-25T15:50:39 PST" name="afterTest" finished-at="2023-04-25T15:50:40 PST" duration-ms="724" status="PASS">
          <reporter-output>
          </reporter-output>
        </test-method> <!-- afterTest -->
        <test-method is-config="true" signature="afterClass()[pri:0, instance:test_Scenarios.TestScenarios@49c7b90e]" started-at="2023-04-25T15:50:40 PST" name="afterClass" finished-at="2023-04-25T15:50:40 PST" duration-ms="228" status="PASS">
          <reporter-output>
          </reporter-output>
        </test-method> <!-- afterClass -->
      </class> <!-- test_Scenarios.TestScenarios -->
    </test> <!-- Default test -->
  </suite> <!-- Default suite -->
</testng-results>
